# Logfile created on 2020-02-11 17:37:33 +0000 by logger.rb/66358
[2020-02-11T17:37:33+00:00] INFO: Started chef-zero at chefzero://localhost:1 with repository at /opt/gitlab/embedded
  One version per cookbook

[2020-02-11T17:37:34+00:00] INFO: *** Chef 14.14.29 ***
[2020-02-11T17:37:34+00:00] INFO: Platform: x86_64-linux
[2020-02-11T17:37:34+00:00] INFO: Chef-client pid: 22
[2020-02-11T17:37:34+00:00] INFO: The plugin path /etc/chef/ohai/plugins does not exist. Skipping...
[2020-02-11T17:37:34+00:00] WARN: Plugin Network: unable to detect ipaddress
[2020-02-11T17:37:35+00:00] INFO: Setting the run_list to ["recipe[gitlab]"] from CLI options
[2020-02-11T17:37:35+00:00] INFO: Run List is [recipe[gitlab]]
[2020-02-11T17:37:35+00:00] INFO: Run List expands to [gitlab]
[2020-02-11T17:37:35+00:00] INFO: Starting Chef Run for gitlab
[2020-02-11T17:37:35+00:00] INFO: Running start handlers
[2020-02-11T17:37:35+00:00] INFO: Start handlers complete.
[2020-02-11T17:37:35+00:00] INFO: Loading cookbooks [gitlab@0.0.1, package@0.1.0, postgresql@0.1.0, redis@0.1.0, monitoring@0.1.0, registry@0.1.0, mattermost@0.1.0, consul@0.1.0, gitaly@0.1.0, praefect@0.1.0, letsencrypt@0.1.0, nginx@0.1.0, runit@4.3.0, acme@4.0.0, crond@0.1.0]
[2020-02-11T17:37:38+00:00] INFO: directory[/etc/gitlab] owner changed to 0
[2020-02-11T17:37:38+00:00] INFO: directory[/etc/gitlab] group changed to 0
[2020-02-11T17:37:38+00:00] INFO: Skipped selecting an init system because it was explicitly disabled
[2020-02-11T17:37:38+00:00] INFO: The plugin path /etc/chef/ohai/plugins does not exist. Skipping...
[2020-02-11T17:37:38+00:00] INFO: directory[Create /var/opt/gitlab] owner changed to 0
[2020-02-11T17:37:38+00:00] INFO: directory[Create /var/opt/gitlab] group changed to 0
[2020-02-11T17:37:38+00:00] INFO: directory[Create /var/log/gitlab] owner changed to 0
[2020-02-11T17:37:38+00:00] INFO: directory[Create /var/log/gitlab] group changed to 0
[2020-02-11T17:37:38+00:00] INFO: template[/var/opt/gitlab/.gitconfig] owner changed to 998
[2020-02-11T17:37:38+00:00] INFO: template[/var/opt/gitlab/.gitconfig] group changed to 998
[2020-02-11T17:37:38+00:00] INFO: directory[/var/opt/gitlab/.bundle] owner changed to 998
[2020-02-11T17:37:38+00:00] INFO: directory[/var/opt/gitlab/.bundle] group changed to 998
[2020-02-11T17:37:39+00:00] INFO: ruby_block[directory resource: /var/opt/gitlab/.ssh] called
[2020-02-11T17:37:39+00:00] INFO: directory[/var/log/gitlab/gitlab-shell/] owner changed to 998
[2020-02-11T17:37:39+00:00] INFO: directory[/var/opt/gitlab/gitlab-shell] owner changed to 998
[2020-02-11T17:37:39+00:00] INFO: template[/var/opt/gitlab/gitlab-shell/config.yml] owner changed to 0
[2020-02-11T17:37:39+00:00] INFO: template[/var/opt/gitlab/gitlab-shell/config.yml] group changed to 998
[2020-02-11T17:37:39+00:00] INFO: ruby_block[directory resource: /var/opt/gitlab/git-data] called
[2020-02-11T17:37:39+00:00] INFO: Running queued delayed notifications before re-raising exception
[2020-02-11T17:37:39+00:00] INFO: Running queued delayed notifications before re-raising exception
[2020-02-11T17:37:39+00:00] ERROR: Running exception handlers
[2020-02-11T17:37:39+00:00] ERROR: Exception handlers complete
[2020-02-11T17:37:39+00:00] FATAL: Stacktrace dumped to /opt/gitlab/embedded/cookbooks/cache/chef-stacktrace.out
[2020-02-11T17:37:39+00:00] FATAL: Please provide the contents of the stacktrace.out file if you file a bug report
[2020-02-11T17:37:39+00:00] FATAL: Mixlib::ShellOut::ShellCommandFailed: storage_directory[/var/opt/gitlab/git-data/repositories] (gitlab::gitlab-rails line 56) had an error: Mixlib::ShellOut::ShellCommandFailed: ruby_block[directory resource: /var/opt/gitlab/git-data/repositories] (/opt/gitlab/embedded/cookbooks/cache/cookbooks/package/resources/storage_directory.rb line 34) had an error: Mixlib::ShellOut::ShellCommandFailed: Failed asserting that mode permissions on "/var/opt/gitlab/git-data/repositories" is 2770
---- Begin output of set -x && [ "$(stat --printf='%04a' $(readlink -f /var/opt/gitlab/git-data/repositories) | grep -o '....$')" = '2770' ] ----
STDOUT: 
STDERR: + + grepreadlink -o ....$ -f
 /var/opt/gitlab/git-data/repositories
+ stat --printf=%04a /var/opt/gitlab/git-data/repositories
+ [ 0770 = 2770 ]
---- End output of set -x && [ "$(stat --printf='%04a' $(readlink -f /var/opt/gitlab/git-data/repositories) | grep -o '....$')" = '2770' ] ----
Ran set -x && [ "$(stat --printf='%04a' $(readlink -f /var/opt/gitlab/git-data/repositories) | grep -o '....$')" = '2770' ] returned 1
