Creating scope :without_statuses. Overwriting existing method Ci::Pipeline.without_statuses.
Creating scope :of_projects. Overwriting existing method MergeRequest.of_projects.
Creating scope :join_project. Overwriting existing method MergeRequest.join_project.
Creating scope :references_project. Overwriting existing method MergeRequest.references_project.
Creating scope :system. Overwriting existing method Note.system.
Creating scope :without_statuses. Overwriting existing method CommitStatus.without_statuses.
Raven 2.9.0 configured not to capture errors: DSN not set
Creating scope :order_name_asc. Overwriting existing method Member.order_name_asc.
Creating scope :order_name_desc. Overwriting existing method Member.order_name_desc.
Creating scope :system. Overwriting existing method Gitlab::DatabaseImporters::CommonMetrics::PrometheusMetric.system.
Creating scope :without_statuses. Overwriting existing method Ci::Pipeline.without_statuses.
Creating scope :of_projects. Overwriting existing method MergeRequest.of_projects.
Creating scope :join_project. Overwriting existing method MergeRequest.join_project.
Creating scope :references_project. Overwriting existing method MergeRequest.references_project.
Creating scope :system. Overwriting existing method Note.system.
Creating scope :without_statuses. Overwriting existing method CommitStatus.without_statuses.
Raven 2.9.0 configured not to capture errors: DSN not set
Creating scope :without_statuses. Overwriting existing method Ci::Pipeline.without_statuses.
Creating scope :of_projects. Overwriting existing method MergeRequest.of_projects.
Creating scope :join_project. Overwriting existing method MergeRequest.join_project.
Creating scope :references_project. Overwriting existing method MergeRequest.references_project.
Creating scope :system. Overwriting existing method Note.system.
Creating scope :without_statuses. Overwriting existing method CommitStatus.without_statuses.
Raven 2.9.0 configured not to capture errors: DSN not set
Creating scope :without_statuses. Overwriting existing method Ci::Pipeline.without_statuses.
Creating scope :without_statuses. Overwriting existing method Ci::Stage.without_statuses.
Creating scope :created. Overwriting existing method Ci::Stage.created.
Creating scope :pending. Overwriting existing method Ci::Stage.pending.
Creating scope :running. Overwriting existing method Ci::Stage.running.
Creating scope :success. Overwriting existing method Ci::Stage.success.
Creating scope :failed. Overwriting existing method Ci::Stage.failed.
Creating scope :canceled. Overwriting existing method Ci::Stage.canceled.
Creating scope :skipped. Overwriting existing method Ci::Stage.skipped.
Creating scope :manual. Overwriting existing method Ci::Stage.manual.
Creating scope :scheduled. Overwriting existing method Ci::Stage.scheduled.
Creating scope :preparing. Overwriting existing method Ci::Stage.preparing.
Creating scope :waiting_for_resource. Overwriting existing method Ci::Stage.waiting_for_resource.
Creating scope :of_projects. Overwriting existing method MergeRequest.of_projects.
Creating scope :join_project. Overwriting existing method MergeRequest.join_project.
Creating scope :references_project. Overwriting existing method MergeRequest.references_project.
Creating scope :system. Overwriting existing method Note.system.
Creating scope :open. Overwriting existing method ExternalPullRequest.open.
Creating scope :order_name_asc. Overwriting existing method Label.order_name_asc.
Creating scope :order_name_desc. Overwriting existing method Label.order_name_desc.
Creating scope :without_statuses. Overwriting existing method CommitStatus.without_statuses.
Creating scope :order_name_asc. Overwriting existing method Member.order_name_asc.
Creating scope :order_name_desc. Overwriting existing method Member.order_name_desc.
Creating scope :system. Overwriting existing method PrometheusMetric.system.
Raven 2.9.0 configured not to capture errors: DSN not set
Creating scope :system. Overwriting existing method Gitlab::DatabaseImporters::CommonMetrics::PrometheusMetric.system.
Creating scope :without_statuses. Overwriting existing method Ci::Stage.without_statuses.
Creating scope :created. Overwriting existing method Ci::Stage.created.
Creating scope :pending. Overwriting existing method Ci::Stage.pending.
Creating scope :running. Overwriting existing method Ci::Stage.running.
Creating scope :success. Overwriting existing method Ci::Stage.success.
Creating scope :failed. Overwriting existing method Ci::Stage.failed.
Creating scope :canceled. Overwriting existing method Ci::Stage.canceled.
Creating scope :skipped. Overwriting existing method Ci::Stage.skipped.
Creating scope :manual. Overwriting existing method Ci::Stage.manual.
Creating scope :scheduled. Overwriting existing method Ci::Stage.scheduled.
Creating scope :preparing. Overwriting existing method Ci::Stage.preparing.
Creating scope :waiting_for_resource. Overwriting existing method Ci::Stage.waiting_for_resource.
Creating scope :open. Overwriting existing method ExternalPullRequest.open.
Creating scope :order_name_asc. Overwriting existing method Label.order_name_asc.
Creating scope :order_name_desc. Overwriting existing method Label.order_name_desc.
Creating scope :order_name_asc. Overwriting existing method Member.order_name_asc.
Creating scope :order_name_desc. Overwriting existing method Member.order_name_desc.
Creating scope :system. Overwriting existing method PrometheusMetric.system.
Creating scope :system. Overwriting existing method Gitlab::DatabaseImporters::CommonMetrics::PrometheusMetric.system.
Started GET "/" for  at 2020-02-11 17:34:59 +0000
Processing by RootController#index as HTML
Redirected to http://example.org/users/sign_in
Filter chain halted as :redirect_unlogged_user rendered or redirected
Completed 302 Found in 101ms (ActiveRecord: 52.4ms | Elasticsearch: 0.0ms)
Started GET "/help" for 127.0.0.1 at 2020-02-11 17:35:07 +0000
Processing by HelpController#index as */*
Completed 200 OK in 1224ms (Views: 1162.2ms | ActiveRecord: 28.6ms | Elasticsearch: 0.0ms)
Started GET "/-/metrics" for 127.0.0.1 at 2020-02-11 17:35:28 +0000
Processing by MetricsController#index as HTML
Completed 200 OK in 13ms (Views: 3.4ms | Elasticsearch: 0.0ms)
Creating scope :without_statuses. Overwriting existing method Ci::Pipeline.without_statuses.
Creating scope :of_projects. Overwriting existing method MergeRequest.of_projects.
Creating scope :join_project. Overwriting existing method MergeRequest.join_project.
Creating scope :references_project. Overwriting existing method MergeRequest.references_project.
Creating scope :system. Overwriting existing method Note.system.
Creating scope :without_statuses. Overwriting existing method CommitStatus.without_statuses.
Raven 2.9.0 configured not to capture errors: DSN not set
Creating scope :without_statuses. Overwriting existing method Ci::Stage.without_statuses.
Creating scope :created. Overwriting existing method Ci::Stage.created.
Creating scope :pending. Overwriting existing method Ci::Stage.pending.
Creating scope :running. Overwriting existing method Ci::Stage.running.
Creating scope :success. Overwriting existing method Ci::Stage.success.
Creating scope :failed. Overwriting existing method Ci::Stage.failed.
Creating scope :canceled. Overwriting existing method Ci::Stage.canceled.
Creating scope :skipped. Overwriting existing method Ci::Stage.skipped.
Creating scope :manual. Overwriting existing method Ci::Stage.manual.
Creating scope :scheduled. Overwriting existing method Ci::Stage.scheduled.
Creating scope :preparing. Overwriting existing method Ci::Stage.preparing.
Creating scope :waiting_for_resource. Overwriting existing method Ci::Stage.waiting_for_resource.
Creating scope :open. Overwriting existing method ExternalPullRequest.open.
Creating scope :order_name_asc. Overwriting existing method Label.order_name_asc.
Creating scope :order_name_desc. Overwriting existing method Label.order_name_desc.
Creating scope :order_name_asc. Overwriting existing method Member.order_name_asc.
Creating scope :order_name_desc. Overwriting existing method Member.order_name_desc.
Creating scope :system. Overwriting existing method PrometheusMetric.system.
Creating scope :system. Overwriting existing method Gitlab::DatabaseImporters::CommonMetrics::PrometheusMetric.system.
Started GET "/-/metrics" for 127.0.0.1 at 2020-02-11 17:35:43 +0000
Processing by MetricsController#index as HTML
Completed 500 Internal Server Error in 18ms (Elasticsearch: 0.0ms)
  
Errno::EACCES (Permission denied - connect(2) for /var/opt/gitlab/redis/redis.socket):
  
config/initializers/zz_metrics.rb:202:in `connect'
lib/peek/views/redis_detailed.rb:10:in `call'
lib/gitlab/metrics/methods.rb:55:in `disabled_by_feature'
lib/gitlab/metrics/methods.rb:41:in `init_metric'
lib/gitlab/metrics/methods.rb:29:in `block in define_metric'
lib/gitlab/metrics/subscribers/action_view.rb:32:in `track'
lib/gitlab/metrics/subscribers/action_view.rb:21:in `render_template'
app/controllers/metrics_controller.rb:18:in `index'
lib/gitlab/middleware/rails_queue_duration.rb:27:in `call'
lib/gitlab/metrics/rack_middleware.rb:17:in `block in call'
lib/gitlab/metrics/transaction.rb:62:in `run'
lib/gitlab/metrics/rack_middleware.rb:17:in `call'
lib/gitlab/request_profiler/middleware.rb:17:in `call'
lib/gitlab/middleware/go.rb:20:in `call'
lib/gitlab/etag_caching/middleware.rb:13:in `call'
lib/gitlab/middleware/multipart.rb:117:in `call'
lib/gitlab/middleware/read_only/controller.rb:52:in `call'
lib/gitlab/middleware/read_only.rb:18:in `call'
lib/gitlab/middleware/basic_health_check.rb:25:in `call'
lib/gitlab/middleware/request_context.rb:23:in `call'
config/initializers/fix_local_cache_middleware.rb:9:in `call'
lib/gitlab/metrics/requests_rack_middleware.rb:49:in `call'
lib/gitlab/middleware/release_env.rb:12:in `call'
Started GET "/-/metrics" for 127.0.0.1 at 2020-02-11 17:35:58 +0000
Processing by MetricsController#index as HTML
Completed 500 Internal Server Error in 23ms (Elasticsearch: 0.0ms)
  
Errno::EACCES (Permission denied - connect(2) for /var/opt/gitlab/redis/redis.socket):
  
config/initializers/zz_metrics.rb:202:in `connect'
lib/peek/views/redis_detailed.rb:10:in `call'
lib/gitlab/metrics/methods.rb:55:in `disabled_by_feature'
lib/gitlab/metrics/methods.rb:41:in `init_metric'
lib/gitlab/metrics/methods.rb:29:in `block in define_metric'
lib/gitlab/metrics/subscribers/action_view.rb:32:in `track'
lib/gitlab/metrics/subscribers/action_view.rb:21:in `render_template'
app/controllers/metrics_controller.rb:18:in `index'
lib/gitlab/middleware/rails_queue_duration.rb:27:in `call'
lib/gitlab/metrics/rack_middleware.rb:17:in `block in call'
lib/gitlab/metrics/transaction.rb:62:in `run'
lib/gitlab/metrics/rack_middleware.rb:17:in `call'
lib/gitlab/request_profiler/middleware.rb:17:in `call'
lib/gitlab/middleware/go.rb:20:in `call'
lib/gitlab/etag_caching/middleware.rb:13:in `call'
lib/gitlab/middleware/multipart.rb:117:in `call'
lib/gitlab/middleware/read_only/controller.rb:52:in `call'
lib/gitlab/middleware/read_only.rb:18:in `call'
lib/gitlab/middleware/basic_health_check.rb:25:in `call'
lib/gitlab/middleware/request_context.rb:23:in `call'
config/initializers/fix_local_cache_middleware.rb:9:in `call'
lib/gitlab/metrics/requests_rack_middleware.rb:49:in `call'
lib/gitlab/middleware/release_env.rb:12:in `call'
Started GET "/-/metrics" for 127.0.0.1 at 2020-02-11 17:36:13 +0000
Processing by MetricsController#index as HTML
Completed 500 Internal Server Error in 20ms (Elasticsearch: 0.0ms)
  
Errno::EACCES (Permission denied - connect(2) for /var/opt/gitlab/redis/redis.socket):
  
config/initializers/zz_metrics.rb:202:in `connect'
lib/peek/views/redis_detailed.rb:10:in `call'
lib/gitlab/metrics/methods.rb:55:in `disabled_by_feature'
lib/gitlab/metrics/methods.rb:41:in `init_metric'
lib/gitlab/metrics/methods.rb:29:in `block in define_metric'
lib/gitlab/metrics/subscribers/action_view.rb:32:in `track'
lib/gitlab/metrics/subscribers/action_view.rb:21:in `render_template'
app/controllers/metrics_controller.rb:18:in `index'
lib/gitlab/middleware/rails_queue_duration.rb:27:in `call'
lib/gitlab/metrics/rack_middleware.rb:17:in `block in call'
lib/gitlab/metrics/transaction.rb:62:in `run'
lib/gitlab/metrics/rack_middleware.rb:17:in `call'
lib/gitlab/request_profiler/middleware.rb:17:in `call'
lib/gitlab/middleware/go.rb:20:in `call'
lib/gitlab/etag_caching/middleware.rb:13:in `call'
lib/gitlab/middleware/multipart.rb:117:in `call'
lib/gitlab/middleware/read_only/controller.rb:52:in `call'
lib/gitlab/middleware/read_only.rb:18:in `call'
lib/gitlab/middleware/basic_health_check.rb:25:in `call'
lib/gitlab/middleware/request_context.rb:23:in `call'
config/initializers/fix_local_cache_middleware.rb:9:in `call'
lib/gitlab/metrics/requests_rack_middleware.rb:49:in `call'
lib/gitlab/middleware/release_env.rb:12:in `call'
Started GET "/-/metrics" for 127.0.0.1 at 2020-02-11 17:36:28 +0000
Processing by MetricsController#index as HTML
Completed 200 OK in 27ms (Views: 0.4ms | Elasticsearch: 0.0ms)
Started GET "/-/metrics" for 127.0.0.1 at 2020-02-11 17:36:43 +0000
Processing by MetricsController#index as HTML
Completed 500 Internal Server Error in 26ms (Elasticsearch: 0.0ms)
  
Errno::EACCES (Permission denied - connect(2) for /var/opt/gitlab/redis/redis.socket):
  
config/initializers/zz_metrics.rb:202:in `connect'
lib/peek/views/redis_detailed.rb:10:in `call'
lib/gitlab/metrics/methods.rb:55:in `disabled_by_feature'
lib/gitlab/metrics/methods.rb:41:in `init_metric'
lib/gitlab/metrics/methods.rb:29:in `block in define_metric'
lib/gitlab/metrics/subscribers/action_view.rb:32:in `track'
lib/gitlab/metrics/subscribers/action_view.rb:21:in `render_template'
app/controllers/metrics_controller.rb:18:in `index'
lib/gitlab/middleware/rails_queue_duration.rb:27:in `call'
lib/gitlab/metrics/rack_middleware.rb:17:in `block in call'
lib/gitlab/metrics/transaction.rb:62:in `run'
lib/gitlab/metrics/rack_middleware.rb:17:in `call'
lib/gitlab/request_profiler/middleware.rb:17:in `call'
lib/gitlab/middleware/go.rb:20:in `call'
lib/gitlab/etag_caching/middleware.rb:13:in `call'
lib/gitlab/middleware/multipart.rb:117:in `call'
lib/gitlab/middleware/read_only/controller.rb:52:in `call'
lib/gitlab/middleware/read_only.rb:18:in `call'
lib/gitlab/middleware/basic_health_check.rb:25:in `call'
lib/gitlab/middleware/request_context.rb:23:in `call'
config/initializers/fix_local_cache_middleware.rb:9:in `call'
lib/gitlab/metrics/requests_rack_middleware.rb:49:in `call'
lib/gitlab/middleware/release_env.rb:12:in `call'
Started GET "/-/metrics" for 127.0.0.1 at 2020-02-11 17:36:58 +0000
Processing by MetricsController#index as HTML
Completed 500 Internal Server Error in 16ms (Elasticsearch: 0.0ms)
  
Errno::EACCES (Permission denied - connect(2) for /var/opt/gitlab/redis/redis.socket):
  
config/initializers/zz_metrics.rb:202:in `connect'
lib/peek/views/redis_detailed.rb:10:in `call'
lib/gitlab/metrics/methods.rb:55:in `disabled_by_feature'
lib/gitlab/metrics/methods.rb:41:in `init_metric'
lib/gitlab/metrics/methods.rb:29:in `block in define_metric'
lib/gitlab/metrics/subscribers/action_view.rb:32:in `track'
lib/gitlab/metrics/subscribers/action_view.rb:21:in `render_template'
app/controllers/metrics_controller.rb:18:in `index'
lib/gitlab/middleware/rails_queue_duration.rb:27:in `call'
lib/gitlab/metrics/rack_middleware.rb:17:in `block in call'
lib/gitlab/metrics/transaction.rb:62:in `run'
lib/gitlab/metrics/rack_middleware.rb:17:in `call'
lib/gitlab/request_profiler/middleware.rb:17:in `call'
lib/gitlab/middleware/go.rb:20:in `call'
lib/gitlab/etag_caching/middleware.rb:13:in `call'
lib/gitlab/middleware/multipart.rb:117:in `call'
lib/gitlab/middleware/read_only/controller.rb:52:in `call'
lib/gitlab/middleware/read_only.rb:18:in `call'
lib/gitlab/middleware/basic_health_check.rb:25:in `call'
lib/gitlab/middleware/request_context.rb:23:in `call'
config/initializers/fix_local_cache_middleware.rb:9:in `call'
lib/gitlab/metrics/requests_rack_middleware.rb:49:in `call'
lib/gitlab/middleware/release_env.rb:12:in `call'
